<?xml version="1.0" encoding="UTF-8"?>
<!-- Generated by org.testng.reporters.JUnitReportReporter -->
<testsuite skipped="0" hostname="DESKTOP-SR6DC2I" name="com.ahyush.in.Logout.ahyLoggedout" tests="1" failures="0" timestamp="25 May 2021 16:29:08 GMT" time="3.104" errors="0">
  <testcase name="loggedout" time="3.104" classname="com.ahyush.in.Logout.ahyLoggedout"/>
</testsuite> <!-- com.ahyush.in.Logout.ahyLoggedout -->
