<?xml version="1.0" encoding="UTF-8"?>
<!-- Generated by org.testng.reporters.JUnitReportReporter -->
<testsuite skipped="0" hostname="DESKTOP-SR6DC2I" name="com.insent.in.LoginValidation.insLoginVerify" tests="1" failures="0" timestamp="06 Jun 2021 16:26:22 GMT" time="13.995" errors="0">
  <testcase name="Loginvalidation" time="13.995" classname="com.insent.in.LoginValidation.insLoginVerify"/>
</testsuite> <!-- com.insent.in.LoginValidation.insLoginVerify -->
