<?xml version="1.0" encoding="UTF-8"?>
<!-- Generated by org.testng.reporters.JUnitReportReporter -->
<testsuite skipped="0" hostname="DESKTOP-SR6DC2I" name="com.ahyush.in.LoginValidation.ahyLoginVerify" tests="1" failures="0" timestamp="25 May 2021 16:29:08 GMT" time="88.925" errors="0">
  <testcase name="Loginvalidation" time="88.925" classname="com.ahyush.in.LoginValidation.ahyLoginVerify"/>
</testsuite> <!-- com.ahyush.in.LoginValidation.ahyLoginVerify -->
